<?xml version="1.0" encoding="UTF-8"?>
<!-- Generated by org.testng.reporters.JUnitXMLReporter -->
<testsuite ignored="0" hostname="LAPTOP-FLP0L0O8" failures="1" tests="1" name="firefoxTest" time="0.018" errors="0" timestamp="2023-05-25T10:50:52 IST">
  <testcase classname="testNGExecution.SelectBrowser" name="method1" time="0.005">
    <failure type="java.lang.NullPointerException" message="Cannot invoke &amp;quot;org.openqa.selenium.WebDriver$Options.window()&amp;quot; because the return value of &amp;quot;org.openqa.selenium.WebDriver.manage()&amp;quot; is null">
      <![CDATA[java.lang.NullPointerException: Cannot invoke "org.openqa.selenium.WebDriver$Options.window()" because the return value of "org.openqa.selenium.WebDriver.manage()" is null
at testNGExecution.SelectBrowser.method1(SelectBrowser.java:37)
at java.base/java.util.ArrayList.forEach(ArrayList.java:1511)
... Removed 27 stack frames]]>
    </failure>
  </testcase> <!-- method1 -->
</testsuite> <!-- firefoxTest -->
