<?xml version="1.0" encoding="UTF-8"?>
<!-- Generated by org.testng.reporters.JUnitXMLReporter -->
<testsuite ignored="0" hostname="LAPTOP-FLP0L0O8" failures="0" tests="18" name="Default test" time="0.128" errors="0" timestamp="2023-05-27T09:37:29 IST">
  <testcase classname="testNGFlags.Flag7" name="It4" time="0.007"/>
  <testcase classname="testNGFlags.Flag7" name="It6" time="0.002"/>
  <testcase classname="testNGFlags.Flag7" name="St4" time="0.002"/>
  <testcase classname="testNGFlags.Flag7" name="ft1" time="0.003"/>
  <testcase classname="testNGFlags.Flag7" name="ft2" time="0.002"/>
  <testcase classname="testNGFlags.Flag7" name="ft3" time="0.004"/>
  <testcase classname="testNGFlags.Flag7" name="ft4" time="0.005"/>
  <testcase classname="testNGFlags.Flag7" name="ft5" time="0.002"/>
  <testcase classname="testNGFlags.Flag7" name="ft6" time="0.004"/>
  <testcase classname="testNGFlags.Flag7" name="it1" time="0.002"/>
  <testcase classname="testNGFlags.Flag7" name="it2" time="0.001"/>
  <testcase classname="testNGFlags.Flag7" name="it3" time="0.002"/>
  <testcase classname="testNGFlags.Flag7" name="it5" time="0.0"/>
  <testcase classname="testNGFlags.Flag7" name="st1" time="0.002"/>
  <testcase classname="testNGFlags.Flag7" name="st2" time="0.002"/>
  <testcase classname="testNGFlags.Flag7" name="st3" time="0.001"/>
  <testcase classname="testNGFlags.Flag7" name="st5" time="0.003"/>
  <testcase classname="testNGFlags.Flag7" name="st6" time="0.001"/>
</testsuite> <!-- Default test -->
