<?xml version="1.0" encoding="UTF-8"?>
<testng-results ignored="0" total="3" passed="3" failed="0" skipped="0">
  <reporter-output>
  </reporter-output>
  <suite started-at="2023-05-22T19:24:48 IST" name="Suite" finished-at="2023-05-22T19:26:04 IST" duration-ms="76036">
    <groups>
    </groups>
    <test started-at="2023-05-22T19:24:48 IST" name="Test" finished-at="2023-05-22T19:26:04 IST" duration-ms="76036">
      <class name="testNGpack2.Test2">
        <test-method signature="f()[pri:0, instance:testNGpack2.Test2@272ed83b]" started-at="2023-05-22T19:25:33 IST" name="f" finished-at="2023-05-22T19:25:46 IST" duration-ms="13304" status="PASS">
          <reporter-output>
          </reporter-output>
        </test-method> <!-- f -->
      </class> <!-- testNGpack2.Test2 -->
      <class name="testNGpack2.Test3">
        <test-method signature="f()[pri:0, instance:testNGpack2.Test3@41fecb8b]" started-at="2023-05-22T19:25:46 IST" name="f" finished-at="2023-05-22T19:26:04 IST" duration-ms="18079" status="PASS">
          <reporter-output>
          </reporter-output>
        </test-method> <!-- f -->
      </class> <!-- testNGpack2.Test3 -->
      <class name="testNGpack2.Test1">
        <test-method signature="testMehod()[pri:0, instance:testNGpack2.Test1@34f7cfd9]" started-at="2023-05-22T19:24:48 IST" name="testMehod" finished-at="2023-05-22T19:25:33 IST" duration-ms="44585" status="PASS">
          <reporter-output>
          </reporter-output>
        </test-method> <!-- testMehod -->
      </class> <!-- testNGpack2.Test1 -->
    </test> <!-- Test -->
  </suite> <!-- Suite -->
</testng-results>
