<?xml version="1.0" encoding="UTF-8"?>
<!-- Generated by org.testng.reporters.JUnitXMLReporter -->
<testsuite ignored="2" hostname="LAPTOP-FLP0L0O8" failures="0" tests="1" name="Test(failed)(failed)" time="0.059" errors="0" timestamp="2023-05-23T09:46:53 IST">
  <testcase classname="testNGpack2.DemoTest2" name="f1" time="0.01"/>
  <testcase classname="testNGpack2.DemoTest2" name="f" time="0.0">
    <ignored/>
  </testcase> <!-- f -->
  <testcase classname="testNGpack2.DemoTest2" name="e" time="0.0">
    <ignored/>
  </testcase> <!-- e -->
</testsuite> <!-- Test(failed)(failed) -->
